0 info it worked if it ends with ok
1 verbose cli [ '/usr/local/Cellar/node/5.10.1/bin/node',
1 verbose cli   '/usr/local/bin/npm',
1 verbose cli   'run',
1 verbose cli   'dev' ]
2 info using npm@3.8.3
3 info using node@v5.10.1
4 verbose run-script [ 'predev', 'dev', 'postdev' ]
5 info lifecycle globe-draft@0.0.1~predev: globe-draft@0.0.1
6 silly lifecycle globe-draft@0.0.1~predev: no script for predev, continuing
7 info lifecycle globe-draft@0.0.1~dev: globe-draft@0.0.1
8 verbose lifecycle globe-draft@0.0.1~dev: unsafe-perm in lifecycle true
9 verbose lifecycle globe-draft@0.0.1~dev: PATH: /usr/local/lib/node_modules/npm/bin/node-gyp-bin:/Users/johnheher/Desktop/My Media/Website/React/node_modules/.bin:/usr/local/Cellar/node/5.10.1/bin:/usr/local/bin:/usr/local/sbin:/usr/bin:/bin:/usr/sbin:/sbin
10 verbose lifecycle globe-draft@0.0.1~dev: CWD: /Users/johnheher/Desktop/My Media/Website/React
11 silly lifecycle globe-draft@0.0.1~dev: Args: [ '-c', 'node devServer.js' ]
12 silly lifecycle globe-draft@0.0.1~dev: Returned: code: 1  signal: null
13 info lifecycle globe-draft@0.0.1~dev: Failed to exec dev script
14 verbose stack Error: globe-draft@0.0.1 dev: `node devServer.js`
14 verbose stack Exit status 1
14 verbose stack     at EventEmitter.<anonymous> (/usr/local/lib/node_modules/npm/lib/utils/lifecycle.js:239:16)
14 verbose stack     at emitTwo (events.js:100:13)
14 verbose stack     at EventEmitter.emit (events.js:185:7)
14 verbose stack     at ChildProcess.<anonymous> (/usr/local/lib/node_modules/npm/lib/utils/spawn.js:24:14)
14 verbose stack     at emitTwo (events.js:100:13)
14 verbose stack     at ChildProcess.emit (events.js:185:7)
14 verbose stack     at maybeClose (internal/child_process.js:850:16)
14 verbose stack     at Process.ChildProcess._handle.onexit (internal/child_process.js:215:5)
15 verbose pkgid globe-draft@0.0.1
16 verbose cwd /Users/johnheher/Desktop/My Media/Website/React
17 error Darwin 15.6.0
18 error argv "/usr/local/Cellar/node/5.10.1/bin/node" "/usr/local/bin/npm" "run" "dev"
19 error node v5.10.1
20 error npm  v3.8.3
21 error code ELIFECYCLE
22 error globe-draft@0.0.1 dev: `node devServer.js`
22 error Exit status 1
23 error Failed at the globe-draft@0.0.1 dev script 'node devServer.js'.
23 error Make sure you have the latest version of node.js and npm installed.
23 error If you do, this is most likely a problem with the globe-draft package,
23 error not with npm itself.
23 error Tell the author that this fails on your system:
23 error     node devServer.js
23 error You can get information on how to open an issue for this project with:
23 error     npm bugs globe-draft
23 error Or if that isn't available, you can get their info via:
23 error     npm owner ls globe-draft
23 error There is likely additional logging output above.
24 verbose exit [ 1, true ]
